# JRE version: Java(TM) SE Runtime Environment (7.0_45-b18) (build 1.7.0_45-b18)
# Java VM: Java HotSpot(TM) 64-Bit Server VM (24.45-b08 mixed mode linux-amd64 compressed oops)
Heap
 PSYoungGen      total 171008K, used 14253K [0x00000000eb900000, 0x00000000fcd80000, 0x0000000100000000)
  eden space 59904K, 0% used [0x00000000eb900000,0x00000000eb900000,0x00000000ef380000)
  from space 111104K, 12% used [0x00000000f6100000,0x00000000f6eeb470,0x00000000fcd80000)
  to   space 111616K, 0% used [0x00000000ef380000,0x00000000ef380000,0x00000000f6080000)
 ParOldGen       total 421376K, used 420877K [0x00000000c2c00000, 0x00000000dc780000, 0x00000000eb900000)
  object space 421376K, 99% used [0x00000000c2c00000,0x00000000dc703730,0x00000000dc780000)
 PSPermGen       total 21504K, used 8050K [0x00000000bda00000, 0x00000000bef00000, 0x00000000c2c00000)
  object space 21504K, 37% used [0x00000000bda00000,0x00000000be1dc948,0x00000000bef00000)
GC Heap History (10 events):
Event: 37,456 GC heap after
Heap after GC invocations=20 (full 5):
 PSYoungGen      total 147456K, used 90144K [0x00000000eb900000, 0x00000000fc600000, 0x0000000100000000)
  eden space 41472K, 0% used [0x00000000eb900000,0x00000000eb900000,0x00000000ee180000)
  from space 105984K, 85% used [0x00000000ee180000,0x00000000f3988000,0x00000000f4900000)
  to   space 111616K, 0% used [0x00000000f5900000,0x00000000f5900000,0x00000000fc600000)
 ParOldGen       total 303104K, used 247185K [0x00000000c2c00000, 0x00000000d5400000, 0x00000000eb900000)
  object space 303104K, 81% used [0x00000000c2c00000,0x00000000d1d64568,0x00000000d5400000)
 PSPermGen       total 21504K, used 7980K [0x00000000bda00000, 0x00000000bef00000, 0x00000000c2c00000)
  object space 21504K, 37% used [0x00000000bda00000,0x00000000be1cb150,0x00000000bef00000)
}
Event: 40,454 GC heap before
{Heap before GC invocations=21 (full 5):
 PSYoungGen      total 147456K, used 131616K [0x00000000eb900000, 0x00000000fc600000, 0x0000000100000000)
  eden space 41472K, 100% used [0x00000000eb900000,0x00000000ee180000,0x00000000ee180000)
  from space 105984K, 85% used [0x00000000ee180000,0x00000000f3988000,0x00000000f4900000)
  to   space 111616K, 0% used [0x00000000f5900000,0x00000000f5900000,0x00000000fc600000)
 ParOldGen       total 303104K, used 247187K [0x00000000c2c00000, 0x00000000d5400000, 0x00000000eb900000)
  object space 303104K, 81% used [0x00000000c2c00000,0x00000000d1d64ed0,0x00000000d5400000)
 PSPermGen       total 21504K, used 7980K [0x00000000bda00000, 0x00000000bef00000, 0x00000000c2c00000)
  object space 21504K, 37% used [0x00000000bda00000,0x00000000be1cb150,0x00000000bef00000)
Event: 42,028 GC heap after
Heap after GC invocations=21 (full 5):
 PSYoungGen      total 163840K, used 75872K [0x00000000eb900000, 0x00000000fc600000, 0x0000000100000000)
  eden space 52224K, 0% used [0x00000000eb900000,0x00000000eb900000,0x00000000eec00000)
  from space 111616K, 67% used [0x00000000f5900000,0x00000000fa318000,0x00000000fc600000)
  to   space 111616K, 0% used [0x00000000eec00000,0x00000000eec00000,0x00000000f5900000)
 ParOldGen       total 303104K, used 288883K [0x00000000c2c00000, 0x00000000d5400000, 0x00000000eb900000)
  object space 303104K, 95% used [0x00000000c2c00000,0x00000000d461ced0,0x00000000d5400000)
 PSPermGen       total 21504K, used 7980K [0x00000000bda00000, 0x00000000bef00000, 0x00000000c2c00000)
  object space 21504K, 37% used [0x00000000bda00000,0x00000000be1cb150,0x00000000bef00000)
}
Event: 42,028 GC heap before
{Heap before GC invocations=22 (full 6):
 PSYoungGen      total 163840K, used 75872K [0x00000000eb900000, 0x00000000fc600000, 0x0000000100000000)
  eden space 52224K, 0% used [0x00000000eb900000,0x00000000eb900000,0x00000000eec00000)
  from space 111616K, 67% used [0x00000000f5900000,0x00000000fa318000,0x00000000fc600000)
  to   space 111616K, 0% used [0x00000000eec00000,0x00000000eec00000,0x00000000f5900000)
 ParOldGen       total 303104K, used 288883K [0x00000000c2c00000, 0x00000000d5400000, 0x00000000eb900000)
  object space 303104K, 95% used [0x00000000c2c00000,0x00000000d461ced0,0x00000000d5400000)
 PSPermGen       total 21504K, used 7980K [0x00000000bda00000, 0x00000000bef00000, 0x00000000c2c00000)
  object space 21504K, 37% used [0x00000000bda00000,0x00000000be1cb150,0x00000000bef00000)
Event: 43,189 GC heap after
Heap after GC invocations=22 (full 6):
 PSYoungGen      total 163840K, used 61409K [0x00000000eb900000, 0x00000000fc600000, 0x0000000100000000)
  eden space 52224K, 0% used [0x00000000eb900000,0x00000000eb900000,0x00000000eec00000)
  from space 111616K, 55% used [0x00000000f5900000,0x00000000f94f87a0,0x00000000fc600000)
  to   space 111616K, 0% used [0x00000000eec00000,0x00000000eec00000,0x00000000f5900000)
 ParOldGen       total 421376K, used 302823K [0x00000000c2c00000, 0x00000000dc780000, 0x00000000eb900000)
  object space 421376K, 71% used [0x00000000c2c00000,0x00000000d53b9c08,0x00000000dc780000)
 PSPermGen       total 21504K, used 7980K [0x00000000bda00000, 0x00000000bef00000, 0x00000000c2c00000)
  object space 21504K, 37% used [0x00000000bda00000,0x00000000be1cb0b0,0x00000000bef00000)
}
Event: 47,622 GC heap before
{Heap before GC invocations=23 (full 6):
 PSYoungGen      total 163840K, used 113633K [0x00000000eb900000, 0x00000000fc600000, 0x0000000100000000)
  eden space 52224K, 100% used [0x00000000eb900000,0x00000000eec00000,0x00000000eec00000)
  from space 111616K, 55% used [0x00000000f5900000,0x00000000f94f87a0,0x00000000fc600000)
  to   space 111616K, 0% used [0x00000000eec00000,0x00000000eec00000,0x00000000f5900000)
 ParOldGen       total 421376K, used 302825K [0x00000000c2c00000, 0x00000000dc780000, 0x00000000eb900000)
  object space 421376K, 71% used [0x00000000c2c00000,0x00000000d53ba5e0,0x00000000dc780000)
 PSPermGen       total 21504K, used 7980K [0x00000000bda00000, 0x00000000bef00000, 0x00000000c2c00000)
  object space 21504K, 37% used [0x00000000bda00000,0x00000000be1cb0d0,0x00000000bef00000)
Event: 47,751 GC heap after
Heap after GC invocations=23 (full 6):
 PSYoungGen      total 163840K, used 63744K [0x00000000eb900000, 0x00000000fce00000, 0x0000000100000000)
  eden space 52224K, 0% used [0x00000000eb900000,0x00000000eb900000,0x00000000eec00000)
  from space 111616K, 57% used [0x00000000eec00000,0x00000000f2a40000,0x00000000f5900000)
  to   space 111616K, 0% used [0x00000000f6100000,0x00000000f6100000,0x00000000fce00000)
 ParOldGen       total 421376K, used 337449K [0x00000000c2c00000, 0x00000000dc780000, 0x00000000eb900000)
  object space 421376K, 80% used [0x00000000c2c00000,0x00000000d758a5e0,0x00000000dc780000)
 PSPermGen       total 21504K, used 7980K [0x00000000bda00000, 0x00000000bef00000, 0x00000000c2c00000)
  object space 21504K, 37% used [0x00000000bda00000,0x00000000be1cb0d0,0x00000000bef00000)
}
Event: 52,099 GC heap before
{Heap before GC invocations=24 (full 6):
 PSYoungGen      total 163840K, used 115968K [0x00000000eb900000, 0x00000000fce00000, 0x0000000100000000)
  eden space 52224K, 100% used [0x00000000eb900000,0x00000000eec00000,0x00000000eec00000)
  from space 111616K, 57% used [0x00000000eec00000,0x00000000f2a40000,0x00000000f5900000)
  to   space 111616K, 0% used [0x00000000f6100000,0x00000000f6100000,0x00000000fce00000)
 ParOldGen       total 421376K, used 337452K [0x00000000c2c00000, 0x00000000dc780000, 0x00000000eb900000)
  object space 421376K, 80% used [0x00000000c2c00000,0x00000000d758b0d8,0x00000000dc780000)
 PSPermGen       total 21504K, used 8050K [0x00000000bda00000, 0x00000000bef00000, 0x00000000c2c00000)
  object space 21504K, 37% used [0x00000000bda00000,0x00000000be1dca08,0x00000000bef00000)
Event: 52,221 GC heap after
Heap after GC invocations=24 (full 6):
 PSYoungGen      total 171008K, used 34304K [0x00000000eb900000, 0x00000000fcd80000, 0x0000000100000000)
  eden space 59904K, 0% used [0x00000000eb900000,0x00000000eb900000,0x00000000ef380000)
  from space 111104K, 30% used [0x00000000f6100000,0x00000000f8280000,0x00000000fcd80000)
  to   space 111616K, 0% used [0x00000000ef380000,0x00000000ef380000,0x00000000f6080000)
 ParOldGen       total 421376K, used 401356K [0x00000000c2c00000, 0x00000000dc780000, 0x00000000eb900000)
  object space 421376K, 95% used [0x00000000c2c00000,0x00000000db3f30d8,0x00000000dc780000)
 PSPermGen       total 21504K, used 8050K [0x00000000bda00000, 0x00000000bef00000, 0x00000000c2c00000)
  object space 21504K, 37% used [0x00000000bda00000,0x00000000be1dca08,0x00000000bef00000)
}
Event: 52,221 GC heap before
{Heap before GC invocations=25 (full 7):
 PSYoungGen      total 171008K, used 34304K [0x00000000eb900000, 0x00000000fcd80000, 0x0000000100000000)
  eden space 59904K, 0% used [0x00000000eb900000,0x00000000eb900000,0x00000000ef380000)
  from space 111104K, 30% used [0x00000000f6100000,0x00000000f8280000,0x00000000fcd80000)
  to   space 111616K, 0% used [0x00000000ef380000,0x00000000ef380000,0x00000000f6080000)
 ParOldGen       total 421376K, used 401356K [0x00000000c2c00000, 0x00000000dc780000, 0x00000000eb900000)
  object space 421376K, 95% used [0x00000000c2c00000,0x00000000db3f30d8,0x00000000dc780000)
 PSPermGen       total 21504K, used 8050K [0x00000000bda00000, 0x00000000bef00000, 0x00000000c2c00000)
  object space 21504K, 37% used [0x00000000bda00000,0x00000000be1dca08,0x00000000bef00000)

